

Started GET "/" for ::1 at 2016-03-21 09:50:06 -0400

ActiveRecord::NoDatabaseError (FATAL:  database "pianogram_development" does not exist
):
  activerecord (4.2.5) lib/active_record/connection_adapters/postgresql_adapter.rb:661:in `rescue in connect'
  activerecord (4.2.5) lib/active_record/connection_adapters/postgresql_adapter.rb:651:in `connect'
  activerecord (4.2.5) lib/active_record/connection_adapters/postgresql_adapter.rb:242:in `initialize'
  activerecord (4.2.5) lib/active_record/connection_adapters/postgresql_adapter.rb:44:in `new'
  activerecord (4.2.5) lib/active_record/connection_adapters/postgresql_adapter.rb:44:in `postgresql_connection'
  activerecord (4.2.5) lib/active_record/connection_adapters/abstract/connection_pool.rb:438:in `new_connection'
  activerecord (4.2.5) lib/active_record/connection_adapters/abstract/connection_pool.rb:448:in `checkout_new_connection'
  activerecord (4.2.5) lib/active_record/connection_adapters/abstract/connection_pool.rb:422:in `acquire_connection'
  activerecord (4.2.5) lib/active_record/connection_adapters/abstract/connection_pool.rb:349:in `block in checkout'
  /Users/matt/.rvm/rubies/ruby-2.2.3/lib/ruby/2.2.0/monitor.rb:211:in `mon_synchronize'
  activerecord (4.2.5) lib/active_record/connection_adapters/abstract/connection_pool.rb:348:in `checkout'
  activerecord (4.2.5) lib/active_record/connection_adapters/abstract/connection_pool.rb:263:in `block in connection'
  /Users/matt/.rvm/rubies/ruby-2.2.3/lib/ruby/2.2.0/monitor.rb:211:in `mon_synchronize'
  activerecord (4.2.5) lib/active_record/connection_adapters/abstract/connection_pool.rb:262:in `connection'
  activerecord (4.2.5) lib/active_record/connection_adapters/abstract/connection_pool.rb:571:in `retrieve_connection'
  activerecord (4.2.5) lib/active_record/connection_handling.rb:113:in `retrieve_connection'
  activerecord (4.2.5) lib/active_record/connection_handling.rb:87:in `connection'
  activerecord (4.2.5) lib/active_record/migration.rb:383:in `connection'
  activerecord (4.2.5) lib/active_record/migration.rb:370:in `call'
  actionpack (4.2.5) lib/action_dispatch/middleware/callbacks.rb:29:in `block in call'
  activesupport (4.2.5) lib/active_support/callbacks.rb:88:in `__run_callbacks__'
  activesupport (4.2.5) lib/active_support/callbacks.rb:778:in `_run_call_callbacks'
  activesupport (4.2.5) lib/active_support/callbacks.rb:81:in `run_callbacks'
  actionpack (4.2.5) lib/action_dispatch/middleware/callbacks.rb:27:in `call'
  actionpack (4.2.5) lib/action_dispatch/middleware/reloader.rb:73:in `call'
  actionpack (4.2.5) lib/action_dispatch/middleware/remote_ip.rb:78:in `call'
  actionpack (4.2.5) lib/action_dispatch/middleware/debug_exceptions.rb:17:in `call'
  web-console (2.3.0) lib/web_console/middleware.rb:28:in `block in call'
  web-console (2.3.0) lib/web_console/middleware.rb:18:in `catch'
  web-console (2.3.0) lib/web_console/middleware.rb:18:in `call'
  actionpack (4.2.5) lib/action_dispatch/middleware/show_exceptions.rb:30:in `call'
  railties (4.2.5) lib/rails/rack/logger.rb:38:in `call_app'
  railties (4.2.5) lib/rails/rack/logger.rb:20:in `block in call'
  activesupport (4.2.5) lib/active_support/tagged_logging.rb:68:in `block in tagged'
  activesupport (4.2.5) lib/active_support/tagged_logging.rb:26:in `tagged'
  activesupport (4.2.5) lib/active_support/tagged_logging.rb:68:in `tagged'
  railties (4.2.5) lib/rails/rack/logger.rb:20:in `call'
  actionpack (4.2.5) lib/action_dispatch/middleware/request_id.rb:21:in `call'
  rack (1.6.4) lib/rack/methodoverride.rb:22:in `call'
  rack (1.6.4) lib/rack/runtime.rb:18:in `call'
  activesupport (4.2.5) lib/active_support/cache/strategy/local_cache_middleware.rb:28:in `call'
  rack (1.6.4) lib/rack/lock.rb:17:in `call'
  actionpack (4.2.5) lib/action_dispatch/middleware/static.rb:116:in `call'
  rack (1.6.4) lib/rack/sendfile.rb:113:in `call'
  railties (4.2.5) lib/rails/engine.rb:518:in `call'
  railties (4.2.5) lib/rails/application.rb:165:in `call'
  rack (1.6.4) lib/rack/lock.rb:17:in `call'
  rack (1.6.4) lib/rack/content_length.rb:15:in `call'
  rack (1.6.4) lib/rack/handler/webrick.rb:88:in `service'
  /Users/matt/.rvm/rubies/ruby-2.2.3/lib/ruby/2.2.0/webrick/httpserver.rb:138:in `service'
  /Users/matt/.rvm/rubies/ruby-2.2.3/lib/ruby/2.2.0/webrick/httpserver.rb:94:in `run'
  /Users/matt/.rvm/rubies/ruby-2.2.3/lib/ruby/2.2.0/webrick/server.rb:294:in `block in start_thread'


  Rendered /Users/matt/.rvm/gems/ruby-2.2.3/gems/actionpack-4.2.5/lib/action_dispatch/middleware/templates/rescues/_source.erb (5.5ms)
  Rendered /Users/matt/.rvm/gems/ruby-2.2.3/gems/actionpack-4.2.5/lib/action_dispatch/middleware/templates/rescues/_trace.html.erb (2.4ms)
  Rendered /Users/matt/.rvm/gems/ruby-2.2.3/gems/actionpack-4.2.5/lib/action_dispatch/middleware/templates/rescues/_request_and_response.html.erb (1.1ms)
  Rendered /Users/matt/.rvm/gems/ruby-2.2.3/gems/actionpack-4.2.5/lib/action_dispatch/middleware/templates/rescues/diagnostics.html.erb within rescues/layout (206.5ms)
  Rendered /Users/matt/.rvm/gems/ruby-2.2.3/gems/web-console-2.3.0/lib/web_console/templates/_markup.html.erb (0.5ms)
  Rendered /Users/matt/.rvm/gems/ruby-2.2.3/gems/web-console-2.3.0/lib/web_console/templates/_inner_console_markup.html.erb within layouts/inlined_string (0.4ms)
  Rendered /Users/matt/.rvm/gems/ruby-2.2.3/gems/web-console-2.3.0/lib/web_console/templates/_prompt_box_markup.html.erb within layouts/inlined_string (0.3ms)
  Rendered /Users/matt/.rvm/gems/ruby-2.2.3/gems/web-console-2.3.0/lib/web_console/templates/style.css.erb within layouts/inlined_string (0.4ms)
  Rendered /Users/matt/.rvm/gems/ruby-2.2.3/gems/web-console-2.3.0/lib/web_console/templates/console.js.erb within layouts/javascript (285.3ms)
  Rendered /Users/matt/.rvm/gems/ruby-2.2.3/gems/web-console-2.3.0/lib/web_console/templates/main.js.erb within layouts/javascript (0.5ms)
  Rendered /Users/matt/.rvm/gems/ruby-2.2.3/gems/web-console-2.3.0/lib/web_console/templates/error_page.js.erb within layouts/javascript (0.4ms)
  Rendered /Users/matt/.rvm/gems/ruby-2.2.3/gems/web-console-2.3.0/lib/web_console/templates/index.html.erb (436.3ms)


Started GET "/" for ::1 at 2016-03-21 11:30:49 -0400

ActiveRecord::NoDatabaseError (FATAL:  database "pianogram_development" does not exist
):
  activerecord (4.2.5) lib/active_record/connection_adapters/postgresql_adapter.rb:661:in `rescue in connect'
  activerecord (4.2.5) lib/active_record/connection_adapters/postgresql_adapter.rb:651:in `connect'
  activerecord (4.2.5) lib/active_record/connection_adapters/postgresql_adapter.rb:242:in `initialize'
  activerecord (4.2.5) lib/active_record/connection_adapters/postgresql_adapter.rb:44:in `new'
  activerecord (4.2.5) lib/active_record/connection_adapters/postgresql_adapter.rb:44:in `postgresql_connection'
  activerecord (4.2.5) lib/active_record/connection_adapters/abstract/connection_pool.rb:438:in `new_connection'
  activerecord (4.2.5) lib/active_record/connection_adapters/abstract/connection_pool.rb:448:in `checkout_new_connection'
  activerecord (4.2.5) lib/active_record/connection_adapters/abstract/connection_pool.rb:422:in `acquire_connection'
  activerecord (4.2.5) lib/active_record/connection_adapters/abstract/connection_pool.rb:349:in `block in checkout'
  /Users/matt/.rvm/rubies/ruby-2.2.3/lib/ruby/2.2.0/monitor.rb:211:in `mon_synchronize'
  activerecord (4.2.5) lib/active_record/connection_adapters/abstract/connection_pool.rb:348:in `checkout'
  activerecord (4.2.5) lib/active_record/connection_adapters/abstract/connection_pool.rb:263:in `block in connection'
  /Users/matt/.rvm/rubies/ruby-2.2.3/lib/ruby/2.2.0/monitor.rb:211:in `mon_synchronize'
  activerecord (4.2.5) lib/active_record/connection_adapters/abstract/connection_pool.rb:262:in `connection'
  activerecord (4.2.5) lib/active_record/connection_adapters/abstract/connection_pool.rb:571:in `retrieve_connection'
  activerecord (4.2.5) lib/active_record/connection_handling.rb:113:in `retrieve_connection'
  activerecord (4.2.5) lib/active_record/connection_handling.rb:87:in `connection'
  activerecord (4.2.5) lib/active_record/migration.rb:383:in `connection'
  activerecord (4.2.5) lib/active_record/migration.rb:370:in `call'
  actionpack (4.2.5) lib/action_dispatch/middleware/callbacks.rb:29:in `block in call'
  activesupport (4.2.5) lib/active_support/callbacks.rb:88:in `__run_callbacks__'
  activesupport (4.2.5) lib/active_support/callbacks.rb:778:in `_run_call_callbacks'
  activesupport (4.2.5) lib/active_support/callbacks.rb:81:in `run_callbacks'
  actionpack (4.2.5) lib/action_dispatch/middleware/callbacks.rb:27:in `call'
  actionpack (4.2.5) lib/action_dispatch/middleware/reloader.rb:73:in `call'
  actionpack (4.2.5) lib/action_dispatch/middleware/remote_ip.rb:78:in `call'
  actionpack (4.2.5) lib/action_dispatch/middleware/debug_exceptions.rb:17:in `call'
  web-console (2.3.0) lib/web_console/middleware.rb:28:in `block in call'
  web-console (2.3.0) lib/web_console/middleware.rb:18:in `catch'
  web-console (2.3.0) lib/web_console/middleware.rb:18:in `call'
  actionpack (4.2.5) lib/action_dispatch/middleware/show_exceptions.rb:30:in `call'
  railties (4.2.5) lib/rails/rack/logger.rb:38:in `call_app'
  railties (4.2.5) lib/rails/rack/logger.rb:20:in `block in call'
  activesupport (4.2.5) lib/active_support/tagged_logging.rb:68:in `block in tagged'
  activesupport (4.2.5) lib/active_support/tagged_logging.rb:26:in `tagged'
  activesupport (4.2.5) lib/active_support/tagged_logging.rb:68:in `tagged'
  railties (4.2.5) lib/rails/rack/logger.rb:20:in `call'
  actionpack (4.2.5) lib/action_dispatch/middleware/request_id.rb:21:in `call'
  rack (1.6.4) lib/rack/methodoverride.rb:22:in `call'
  rack (1.6.4) lib/rack/runtime.rb:18:in `call'
  activesupport (4.2.5) lib/active_support/cache/strategy/local_cache_middleware.rb:28:in `call'
  rack (1.6.4) lib/rack/lock.rb:17:in `call'
  actionpack (4.2.5) lib/action_dispatch/middleware/static.rb:116:in `call'
  rack (1.6.4) lib/rack/sendfile.rb:113:in `call'
  railties (4.2.5) lib/rails/engine.rb:518:in `call'
  railties (4.2.5) lib/rails/application.rb:165:in `call'
  rack (1.6.4) lib/rack/lock.rb:17:in `call'
  rack (1.6.4) lib/rack/content_length.rb:15:in `call'
  rack (1.6.4) lib/rack/handler/webrick.rb:88:in `service'
  /Users/matt/.rvm/rubies/ruby-2.2.3/lib/ruby/2.2.0/webrick/httpserver.rb:138:in `service'
  /Users/matt/.rvm/rubies/ruby-2.2.3/lib/ruby/2.2.0/webrick/httpserver.rb:94:in `run'
  /Users/matt/.rvm/rubies/ruby-2.2.3/lib/ruby/2.2.0/webrick/server.rb:294:in `block in start_thread'


  Rendered /Users/matt/.rvm/gems/ruby-2.2.3/gems/actionpack-4.2.5/lib/action_dispatch/middleware/templates/rescues/_source.erb (6.5ms)
  Rendered /Users/matt/.rvm/gems/ruby-2.2.3/gems/actionpack-4.2.5/lib/action_dispatch/middleware/templates/rescues/_trace.html.erb (4.0ms)
  Rendered /Users/matt/.rvm/gems/ruby-2.2.3/gems/actionpack-4.2.5/lib/action_dispatch/middleware/templates/rescues/_request_and_response.html.erb (2.7ms)
  Rendered /Users/matt/.rvm/gems/ruby-2.2.3/gems/actionpack-4.2.5/lib/action_dispatch/middleware/templates/rescues/diagnostics.html.erb within rescues/layout (90.5ms)
  Rendered /Users/matt/.rvm/gems/ruby-2.2.3/gems/web-console-2.3.0/lib/web_console/templates/_markup.html.erb (0.8ms)
  Rendered /Users/matt/.rvm/gems/ruby-2.2.3/gems/web-console-2.3.0/lib/web_console/templates/_inner_console_markup.html.erb within layouts/inlined_string (0.7ms)
  Rendered /Users/matt/.rvm/gems/ruby-2.2.3/gems/web-console-2.3.0/lib/web_console/templates/_prompt_box_markup.html.erb within layouts/inlined_string (0.6ms)
  Rendered /Users/matt/.rvm/gems/ruby-2.2.3/gems/web-console-2.3.0/lib/web_console/templates/style.css.erb within layouts/inlined_string (0.7ms)
  Rendered /Users/matt/.rvm/gems/ruby-2.2.3/gems/web-console-2.3.0/lib/web_console/templates/console.js.erb within layouts/javascript (71.2ms)
  Rendered /Users/matt/.rvm/gems/ruby-2.2.3/gems/web-console-2.3.0/lib/web_console/templates/main.js.erb within layouts/javascript (0.7ms)
  Rendered /Users/matt/.rvm/gems/ruby-2.2.3/gems/web-console-2.3.0/lib/web_console/templates/error_page.js.erb within layouts/javascript (0.7ms)
  Rendered /Users/matt/.rvm/gems/ruby-2.2.3/gems/web-console-2.3.0/lib/web_console/templates/index.html.erb (155.3ms)


Started GET "/" for ::1 at 2016-03-21 11:36:48 -0400

ActiveRecord::PendingMigrationError (

Migrations are pending. To resolve this issue, run:

	bin/rake db:migrate RAILS_ENV=development

):
  activerecord (4.2.5) lib/active_record/migration.rb:392:in `check_pending!'
  activerecord (4.2.5) lib/active_record/migration.rb:373:in `call'
  actionpack (4.2.5) lib/action_dispatch/middleware/callbacks.rb:29:in `block in call'
  activesupport (4.2.5) lib/active_support/callbacks.rb:88:in `__run_callbacks__'
  activesupport (4.2.5) lib/active_support/callbacks.rb:778:in `_run_call_callbacks'
  activesupport (4.2.5) lib/active_support/callbacks.rb:81:in `run_callbacks'
  actionpack (4.2.5) lib/action_dispatch/middleware/callbacks.rb:27:in `call'
  actionpack (4.2.5) lib/action_dispatch/middleware/reloader.rb:73:in `call'
  actionpack (4.2.5) lib/action_dispatch/middleware/remote_ip.rb:78:in `call'
  actionpack (4.2.5) lib/action_dispatch/middleware/debug_exceptions.rb:17:in `call'
  web-console (2.3.0) lib/web_console/middleware.rb:28:in `block in call'
  web-console (2.3.0) lib/web_console/middleware.rb:18:in `catch'
  web-console (2.3.0) lib/web_console/middleware.rb:18:in `call'
  actionpack (4.2.5) lib/action_dispatch/middleware/show_exceptions.rb:30:in `call'
  railties (4.2.5) lib/rails/rack/logger.rb:38:in `call_app'
  railties (4.2.5) lib/rails/rack/logger.rb:20:in `block in call'
  activesupport (4.2.5) lib/active_support/tagged_logging.rb:68:in `block in tagged'
  activesupport (4.2.5) lib/active_support/tagged_logging.rb:26:in `tagged'
  activesupport (4.2.5) lib/active_support/tagged_logging.rb:68:in `tagged'
  railties (4.2.5) lib/rails/rack/logger.rb:20:in `call'
  actionpack (4.2.5) lib/action_dispatch/middleware/request_id.rb:21:in `call'
  rack (1.6.4) lib/rack/methodoverride.rb:22:in `call'
  rack (1.6.4) lib/rack/runtime.rb:18:in `call'
  activesupport (4.2.5) lib/active_support/cache/strategy/local_cache_middleware.rb:28:in `call'
  rack (1.6.4) lib/rack/lock.rb:17:in `call'
  actionpack (4.2.5) lib/action_dispatch/middleware/static.rb:116:in `call'
  rack (1.6.4) lib/rack/sendfile.rb:113:in `call'
  railties (4.2.5) lib/rails/engine.rb:518:in `call'
  railties (4.2.5) lib/rails/application.rb:165:in `call'
  rack (1.6.4) lib/rack/lock.rb:17:in `call'
  rack (1.6.4) lib/rack/content_length.rb:15:in `call'
  rack (1.6.4) lib/rack/handler/webrick.rb:88:in `service'
  /Users/matt/.rvm/rubies/ruby-2.2.3/lib/ruby/2.2.0/webrick/httpserver.rb:138:in `service'
  /Users/matt/.rvm/rubies/ruby-2.2.3/lib/ruby/2.2.0/webrick/httpserver.rb:94:in `run'
  /Users/matt/.rvm/rubies/ruby-2.2.3/lib/ruby/2.2.0/webrick/server.rb:294:in `block in start_thread'


  Rendered /Users/matt/.rvm/gems/ruby-2.2.3/gems/actionpack-4.2.5/lib/action_dispatch/middleware/templates/rescues/_source.erb (3.3ms)
  Rendered /Users/matt/.rvm/gems/ruby-2.2.3/gems/actionpack-4.2.5/lib/action_dispatch/middleware/templates/rescues/_trace.html.erb (1.9ms)
  Rendered /Users/matt/.rvm/gems/ruby-2.2.3/gems/actionpack-4.2.5/lib/action_dispatch/middleware/templates/rescues/_request_and_response.html.erb (1.4ms)
  Rendered /Users/matt/.rvm/gems/ruby-2.2.3/gems/actionpack-4.2.5/lib/action_dispatch/middleware/templates/rescues/diagnostics.html.erb within rescues/layout (73.1ms)
  Rendered /Users/matt/.rvm/gems/ruby-2.2.3/gems/web-console-2.3.0/lib/web_console/templates/_markup.html.erb (0.6ms)
  Rendered /Users/matt/.rvm/gems/ruby-2.2.3/gems/web-console-2.3.0/lib/web_console/templates/_inner_console_markup.html.erb within layouts/inlined_string (0.4ms)
  Rendered /Users/matt/.rvm/gems/ruby-2.2.3/gems/web-console-2.3.0/lib/web_console/templates/_prompt_box_markup.html.erb within layouts/inlined_string (0.4ms)
  Rendered /Users/matt/.rvm/gems/ruby-2.2.3/gems/web-console-2.3.0/lib/web_console/templates/style.css.erb within layouts/inlined_string (0.5ms)
  Rendered /Users/matt/.rvm/gems/ruby-2.2.3/gems/web-console-2.3.0/lib/web_console/templates/console.js.erb within layouts/javascript (61.3ms)
  Rendered /Users/matt/.rvm/gems/ruby-2.2.3/gems/web-console-2.3.0/lib/web_console/templates/main.js.erb within layouts/javascript (0.4ms)
  Rendered /Users/matt/.rvm/gems/ruby-2.2.3/gems/web-console-2.3.0/lib/web_console/templates/error_page.js.erb within layouts/javascript (0.5ms)
  Rendered /Users/matt/.rvm/gems/ruby-2.2.3/gems/web-console-2.3.0/lib/web_console/templates/index.html.erb (150.2ms)
  [1m[36m (506.2ms)[0m  [1mCREATE TABLE "schema_migrations" ("version" character varying NOT NULL) [0m
  [1m[35m (29.1ms)[0m  CREATE UNIQUE INDEX  "unique_schema_migrations" ON "schema_migrations"  ("version")
  [1m[36mActiveRecord::SchemaMigration Load (0.8ms)[0m  [1mSELECT "schema_migrations".* FROM "schema_migrations"[0m
Migrating to CreateVideo (20160321132834)
  [1m[35m (0.8ms)[0m  BEGIN
DEPRECATION WARNING: `#timestamps` was called without specifying an option for `null`. In Rails 5, this behavior will change to `null: false`. You should manually specify `null: true` to prevent the behavior of your existing migrations from changing. (called from block in change at /Users/matt/wdi/projects/Pianogram/db/migrate/20160321132834_create_video.rb:7)
  [1m[36m (87.1ms)[0m  [1mCREATE TABLE "videos" ("id" serial primary key, "title" character varying, "vid_url" character varying, "created_at" timestamp, "updated_at" timestamp) [0m
  [1m[35mSQL (18.3ms)[0m  INSERT INTO "schema_migrations" ("version") VALUES ($1)  [["version", "20160321132834"]]
  [1m[36m (0.7ms)[0m  [1mCOMMIT[0m
  [1m[35mActiveRecord::SchemaMigration Load (0.4ms)[0m  SELECT "schema_migrations".* FROM "schema_migrations"
  [1m[36m (18.0ms)[0m  [1mSELECT t2.oid::regclass::text AS to_table, a1.attname AS column, a2.attname AS primary_key, c.conname AS name, c.confupdtype AS on_update, c.confdeltype AS on_delete
FROM pg_constraint c
JOIN pg_class t1 ON c.conrelid = t1.oid
JOIN pg_class t2 ON c.confrelid = t2.oid
JOIN pg_attribute a1 ON a1.attnum = c.conkey[1] AND a1.attrelid = t1.oid
JOIN pg_attribute a2 ON a2.attnum = c.confkey[1] AND a2.attrelid = t2.oid
JOIN pg_namespace t3 ON c.connamespace = t3.oid
WHERE c.contype = 'f'
  AND t1.relname = 'videos'
  AND t3.nspname = ANY (current_schemas(false))
ORDER BY c.conname
[0m


Started GET "/" for ::1 at 2016-03-21 11:37:15 -0400
  [1m[36mActiveRecord::SchemaMigration Load (3.1ms)[0m  [1mSELECT "schema_migrations".* FROM "schema_migrations"[0m
Processing by Rails::WelcomeController#index as HTML
  Rendered /Users/matt/.rvm/gems/ruby-2.2.3/gems/railties-4.2.5/lib/rails/templates/rails/welcome/index.html.erb (1.0ms)
Completed 200 OK in 51ms (Views: 28.4ms | ActiveRecord: 0.0ms)


Started GET "/videos" for ::1 at 2016-03-21 11:37:29 -0400

ActionController::RoutingError (No route matches [GET] "/videos"):
  actionpack (4.2.5) lib/action_dispatch/middleware/debug_exceptions.rb:21:in `call'
  web-console (2.3.0) lib/web_console/middleware.rb:28:in `block in call'
  web-console (2.3.0) lib/web_console/middleware.rb:18:in `catch'
  web-console (2.3.0) lib/web_console/middleware.rb:18:in `call'
  actionpack (4.2.5) lib/action_dispatch/middleware/show_exceptions.rb:30:in `call'
  railties (4.2.5) lib/rails/rack/logger.rb:38:in `call_app'
  railties (4.2.5) lib/rails/rack/logger.rb:20:in `block in call'
  activesupport (4.2.5) lib/active_support/tagged_logging.rb:68:in `block in tagged'
  activesupport (4.2.5) lib/active_support/tagged_logging.rb:26:in `tagged'
  activesupport (4.2.5) lib/active_support/tagged_logging.rb:68:in `tagged'
  railties (4.2.5) lib/rails/rack/logger.rb:20:in `call'
  actionpack (4.2.5) lib/action_dispatch/middleware/request_id.rb:21:in `call'
  rack (1.6.4) lib/rack/methodoverride.rb:22:in `call'
  rack (1.6.4) lib/rack/runtime.rb:18:in `call'
  activesupport (4.2.5) lib/active_support/cache/strategy/local_cache_middleware.rb:28:in `call'
  rack (1.6.4) lib/rack/lock.rb:17:in `call'
  actionpack (4.2.5) lib/action_dispatch/middleware/static.rb:116:in `call'
  rack (1.6.4) lib/rack/sendfile.rb:113:in `call'
  railties (4.2.5) lib/rails/engine.rb:518:in `call'
  railties (4.2.5) lib/rails/application.rb:165:in `call'
  rack (1.6.4) lib/rack/lock.rb:17:in `call'
  rack (1.6.4) lib/rack/content_length.rb:15:in `call'
  rack (1.6.4) lib/rack/handler/webrick.rb:88:in `service'
  /Users/matt/.rvm/rubies/ruby-2.2.3/lib/ruby/2.2.0/webrick/httpserver.rb:138:in `service'
  /Users/matt/.rvm/rubies/ruby-2.2.3/lib/ruby/2.2.0/webrick/httpserver.rb:94:in `run'
  /Users/matt/.rvm/rubies/ruby-2.2.3/lib/ruby/2.2.0/webrick/server.rb:294:in `block in start_thread'


  Rendered /Users/matt/.rvm/gems/ruby-2.2.3/gems/actionpack-4.2.5/lib/action_dispatch/middleware/templates/rescues/_trace.html.erb (1.7ms)
  Rendered /Users/matt/.rvm/gems/ruby-2.2.3/gems/actionpack-4.2.5/lib/action_dispatch/middleware/templates/routes/_table.html.erb (78.5ms)
  Rendered /Users/matt/.rvm/gems/ruby-2.2.3/gems/actionpack-4.2.5/lib/action_dispatch/middleware/templates/rescues/_request_and_response.html.erb (1.8ms)
  Rendered /Users/matt/.rvm/gems/ruby-2.2.3/gems/actionpack-4.2.5/lib/action_dispatch/middleware/templates/rescues/routing_error.html.erb within rescues/layout (159.4ms)
  Rendered /Users/matt/.rvm/gems/ruby-2.2.3/gems/web-console-2.3.0/lib/web_console/templates/_markup.html.erb (0.5ms)
  Rendered /Users/matt/.rvm/gems/ruby-2.2.3/gems/web-console-2.3.0/lib/web_console/templates/_inner_console_markup.html.erb within layouts/inlined_string (0.5ms)
  Rendered /Users/matt/.rvm/gems/ruby-2.2.3/gems/web-console-2.3.0/lib/web_console/templates/_prompt_box_markup.html.erb within layouts/inlined_string (0.5ms)
  Rendered /Users/matt/.rvm/gems/ruby-2.2.3/gems/web-console-2.3.0/lib/web_console/templates/style.css.erb within layouts/inlined_string (0.5ms)
  Rendered /Users/matt/.rvm/gems/ruby-2.2.3/gems/web-console-2.3.0/lib/web_console/templates/console.js.erb within layouts/javascript (67.7ms)
  Rendered /Users/matt/.rvm/gems/ruby-2.2.3/gems/web-console-2.3.0/lib/web_console/templates/main.js.erb within layouts/javascript (0.3ms)
  Rendered /Users/matt/.rvm/gems/ruby-2.2.3/gems/web-console-2.3.0/lib/web_console/templates/error_page.js.erb within layouts/javascript (0.5ms)
  Rendered /Users/matt/.rvm/gems/ruby-2.2.3/gems/web-console-2.3.0/lib/web_console/templates/index.html.erb (147.5ms)


Started GET "/video" for ::1 at 2016-03-21 11:37:35 -0400

ActionController::RoutingError (No route matches [GET] "/video"):
  actionpack (4.2.5) lib/action_dispatch/middleware/debug_exceptions.rb:21:in `call'
  web-console (2.3.0) lib/web_console/middleware.rb:28:in `block in call'
  web-console (2.3.0) lib/web_console/middleware.rb:18:in `catch'
  web-console (2.3.0) lib/web_console/middleware.rb:18:in `call'
  actionpack (4.2.5) lib/action_dispatch/middleware/show_exceptions.rb:30:in `call'
  railties (4.2.5) lib/rails/rack/logger.rb:38:in `call_app'
  railties (4.2.5) lib/rails/rack/logger.rb:20:in `block in call'
  activesupport (4.2.5) lib/active_support/tagged_logging.rb:68:in `block in tagged'
  activesupport (4.2.5) lib/active_support/tagged_logging.rb:26:in `tagged'
  activesupport (4.2.5) lib/active_support/tagged_logging.rb:68:in `tagged'
  railties (4.2.5) lib/rails/rack/logger.rb:20:in `call'
  actionpack (4.2.5) lib/action_dispatch/middleware/request_id.rb:21:in `call'
  rack (1.6.4) lib/rack/methodoverride.rb:22:in `call'
  rack (1.6.4) lib/rack/runtime.rb:18:in `call'
  activesupport (4.2.5) lib/active_support/cache/strategy/local_cache_middleware.rb:28:in `call'
  rack (1.6.4) lib/rack/lock.rb:17:in `call'
  actionpack (4.2.5) lib/action_dispatch/middleware/static.rb:116:in `call'
  rack (1.6.4) lib/rack/sendfile.rb:113:in `call'
  railties (4.2.5) lib/rails/engine.rb:518:in `call'
  railties (4.2.5) lib/rails/application.rb:165:in `call'
  rack (1.6.4) lib/rack/lock.rb:17:in `call'
  rack (1.6.4) lib/rack/content_length.rb:15:in `call'
  rack (1.6.4) lib/rack/handler/webrick.rb:88:in `service'
  /Users/matt/.rvm/rubies/ruby-2.2.3/lib/ruby/2.2.0/webrick/httpserver.rb:138:in `service'
  /Users/matt/.rvm/rubies/ruby-2.2.3/lib/ruby/2.2.0/webrick/httpserver.rb:94:in `run'
  /Users/matt/.rvm/rubies/ruby-2.2.3/lib/ruby/2.2.0/webrick/server.rb:294:in `block in start_thread'


  Rendered /Users/matt/.rvm/gems/ruby-2.2.3/gems/actionpack-4.2.5/lib/action_dispatch/middleware/templates/rescues/_trace.html.erb (1.8ms)
  Rendered /Users/matt/.rvm/gems/ruby-2.2.3/gems/actionpack-4.2.5/lib/action_dispatch/middleware/templates/routes/_table.html.erb (2.0ms)
  Rendered /Users/matt/.rvm/gems/ruby-2.2.3/gems/actionpack-4.2.5/lib/action_dispatch/middleware/templates/rescues/_request_and_response.html.erb (1.3ms)
  Rendered /Users/matt/.rvm/gems/ruby-2.2.3/gems/actionpack-4.2.5/lib/action_dispatch/middleware/templates/rescues/routing_error.html.erb within rescues/layout (63.6ms)
  Rendered /Users/matt/.rvm/gems/ruby-2.2.3/gems/web-console-2.3.0/lib/web_console/templates/_markup.html.erb (0.6ms)
  Rendered /Users/matt/.rvm/gems/ruby-2.2.3/gems/web-console-2.3.0/lib/web_console/templates/_inner_console_markup.html.erb within layouts/inlined_string (0.3ms)
  Rendered /Users/matt/.rvm/gems/ruby-2.2.3/gems/web-console-2.3.0/lib/web_console/templates/_prompt_box_markup.html.erb within layouts/inlined_string (0.4ms)
  Rendered /Users/matt/.rvm/gems/ruby-2.2.3/gems/web-console-2.3.0/lib/web_console/templates/style.css.erb within layouts/inlined_string (0.4ms)
  Rendered /Users/matt/.rvm/gems/ruby-2.2.3/gems/web-console-2.3.0/lib/web_console/templates/console.js.erb within layouts/javascript (59.9ms)
  Rendered /Users/matt/.rvm/gems/ruby-2.2.3/gems/web-console-2.3.0/lib/web_console/templates/main.js.erb within layouts/javascript (0.4ms)
  Rendered /Users/matt/.rvm/gems/ruby-2.2.3/gems/web-console-2.3.0/lib/web_console/templates/error_page.js.erb within layouts/javascript (0.5ms)
  Rendered /Users/matt/.rvm/gems/ruby-2.2.3/gems/web-console-2.3.0/lib/web_console/templates/index.html.erb (124.7ms)


Started GET "/videos" for ::1 at 2016-03-21 11:37:40 -0400

ActionController::RoutingError (No route matches [GET] "/videos"):
  actionpack (4.2.5) lib/action_dispatch/middleware/debug_exceptions.rb:21:in `call'
  web-console (2.3.0) lib/web_console/middleware.rb:28:in `block in call'
  web-console (2.3.0) lib/web_console/middleware.rb:18:in `catch'
  web-console (2.3.0) lib/web_console/middleware.rb:18:in `call'
  actionpack (4.2.5) lib/action_dispatch/middleware/show_exceptions.rb:30:in `call'
  railties (4.2.5) lib/rails/rack/logger.rb:38:in `call_app'
  railties (4.2.5) lib/rails/rack/logger.rb:20:in `block in call'
  activesupport (4.2.5) lib/active_support/tagged_logging.rb:68:in `block in tagged'
  activesupport (4.2.5) lib/active_support/tagged_logging.rb:26:in `tagged'
  activesupport (4.2.5) lib/active_support/tagged_logging.rb:68:in `tagged'
  railties (4.2.5) lib/rails/rack/logger.rb:20:in `call'
  actionpack (4.2.5) lib/action_dispatch/middleware/request_id.rb:21:in `call'
  rack (1.6.4) lib/rack/methodoverride.rb:22:in `call'
  rack (1.6.4) lib/rack/runtime.rb:18:in `call'
  activesupport (4.2.5) lib/active_support/cache/strategy/local_cache_middleware.rb:28:in `call'
  rack (1.6.4) lib/rack/lock.rb:17:in `call'
  actionpack (4.2.5) lib/action_dispatch/middleware/static.rb:116:in `call'
  rack (1.6.4) lib/rack/sendfile.rb:113:in `call'
  railties (4.2.5) lib/rails/engine.rb:518:in `call'
  railties (4.2.5) lib/rails/application.rb:165:in `call'
  rack (1.6.4) lib/rack/lock.rb:17:in `call'
  rack (1.6.4) lib/rack/content_length.rb:15:in `call'
  rack (1.6.4) lib/rack/handler/webrick.rb:88:in `service'
  /Users/matt/.rvm/rubies/ruby-2.2.3/lib/ruby/2.2.0/webrick/httpserver.rb:138:in `service'
  /Users/matt/.rvm/rubies/ruby-2.2.3/lib/ruby/2.2.0/webrick/httpserver.rb:94:in `run'
  /Users/matt/.rvm/rubies/ruby-2.2.3/lib/ruby/2.2.0/webrick/server.rb:294:in `block in start_thread'


  Rendered /Users/matt/.rvm/gems/ruby-2.2.3/gems/actionpack-4.2.5/lib/action_dispatch/middleware/templates/rescues/_trace.html.erb (1.6ms)
  Rendered /Users/matt/.rvm/gems/ruby-2.2.3/gems/actionpack-4.2.5/lib/action_dispatch/middleware/templates/routes/_table.html.erb (1.7ms)
  Rendered /Users/matt/.rvm/gems/ruby-2.2.3/gems/actionpack-4.2.5/lib/action_dispatch/middleware/templates/rescues/_request_and_response.html.erb (1.2ms)
  Rendered /Users/matt/.rvm/gems/ruby-2.2.3/gems/actionpack-4.2.5/lib/action_dispatch/middleware/templates/rescues/routing_error.html.erb within rescues/layout (61.9ms)
  Rendered /Users/matt/.rvm/gems/ruby-2.2.3/gems/web-console-2.3.0/lib/web_console/templates/_markup.html.erb (0.4ms)
  Rendered /Users/matt/.rvm/gems/ruby-2.2.3/gems/web-console-2.3.0/lib/web_console/templates/_inner_console_markup.html.erb within layouts/inlined_string (0.5ms)
  Rendered /Users/matt/.rvm/gems/ruby-2.2.3/gems/web-console-2.3.0/lib/web_console/templates/_prompt_box_markup.html.erb within layouts/inlined_string (0.3ms)
  Rendered /Users/matt/.rvm/gems/ruby-2.2.3/gems/web-console-2.3.0/lib/web_console/templates/style.css.erb within layouts/inlined_string (0.5ms)
  Rendered /Users/matt/.rvm/gems/ruby-2.2.3/gems/web-console-2.3.0/lib/web_console/templates/console.js.erb within layouts/javascript (57.3ms)
  Rendered /Users/matt/.rvm/gems/ruby-2.2.3/gems/web-console-2.3.0/lib/web_console/templates/main.js.erb within layouts/javascript (0.4ms)
  Rendered /Users/matt/.rvm/gems/ruby-2.2.3/gems/web-console-2.3.0/lib/web_console/templates/error_page.js.erb within layouts/javascript (0.7ms)
  Rendered /Users/matt/.rvm/gems/ruby-2.2.3/gems/web-console-2.3.0/lib/web_console/templates/index.html.erb (126.7ms)


Started GET "/videos" for ::1 at 2016-03-21 11:39:17 -0400
Processing by VideosController#index as HTML
  Rendered videos/index.html.erb within layouts/application (0.4ms)
Completed 200 OK in 3095ms (Views: 3035.6ms | ActiveRecord: 0.0ms)


Started GET "/assets/application.self-e80e8f2318043e8af94dddc2adad5a4f09739a8ebb323b3ab31cd71d45fd9113.css?body=1" for ::1 at 2016-03-21 11:39:20 -0400


Started GET "/assets/jquery.self-660adc51e0224b731d29f575a6f1ec167ba08ad06ed5deca4f1e8654c135bf4c.js?body=1" for ::1 at 2016-03-21 11:39:20 -0400


Started GET "/assets/jquery_ujs.self-e87806d0cf4489aeb1bb7288016024e8de67fd18db693fe026fe3907581e53cd.js?body=1" for ::1 at 2016-03-21 11:39:20 -0400


Started GET "/assets/application.self-3b8dabdc891efe46b9a144b400ad69e37d7e5876bdc39dee783419a69d7ca819.js?body=1" for ::1 at 2016-03-21 11:39:20 -0400


Started GET "/assets/turbolinks.self-c37727e9bd6b2735da5c311aa83fead54ed0be6cc8bd9a65309e9c5abe2cbfff.js?body=1" for ::1 at 2016-03-21 11:39:20 -0400
